<?xml version="1.0" encoding="UTF-8"?>
<!-- Generated by org.testng.reporters.JUnitReportReporter -->
<testsuite hostname="DESKTOP-DH1AB16" failures="0" tests="6" name="testScript.Sample2Test" time="11.980" errors="0" timestamp="2024-02-12T12:47:42 IST" skipped="0">
  <testcase classname="testScript.Sample2Test" name="testregister" time="2.921"/>
  <system-out/>
  <testcase classname="testScript.Sample2Test" name="logout" time="1.180"/>
  <system-out/>
  <testcase classname="testScript.Sample2Test" name="testcaseLogin" time="1.950"/>
  <system-out/>
  <testcase classname="testScript.Sample2Test" name="digitaldownloads" time="2.240"/>
  <system-out/>
  <testcase classname="testScript.Sample2Test" name="shoppingcartPage" time="1.700"/>
  <system-out/>
  <testcase classname="testScript.Sample2Test" name="chechout" time="1.989"/>
  <system-out/>
</testsuite> <!-- testScript.Sample2Test -->
