<?xml version="1.0" encoding="UTF-8"?>
<!-- Generated by org.testng.reporters.JUnitReportReporter -->
<testsuite hostname="DESKTOP-DH1AB16" failures="0" tests="1" name="testScript.SampleTest" time="0.030" errors="0" timestamp="2024-02-09T12:49:13 IST" skipped="0">
  <testcase classname="testScript.SampleTest" name="test" time="0.030"/>
  <system-out>
    <![CDATA[sampleTest executed]]>
  </system-out>
</testsuite> <!-- testScript.SampleTest -->
