<?xml version="1.0" encoding="UTF-8"?>
<!-- Generated by org.testng.reporters.JUnitReportReporter -->
<testsuite hostname="DESKTOP-DH1AB16" failures="0" tests="1" name="testScript.Sample5Test" time="22.896" errors="0" timestamp="2024-02-12T15:25:59 IST" skipped="0">
  <testcase classname="testScript.Sample5Test" name="testcase" time="22.896"/>
  <system-out/>
</testsuite> <!-- testScript.Sample5Test -->
