<?xml version="1.0" encoding="UTF-8"?>
<!-- Generated by org.testng.reporters.JUnitReportReporter -->
<testsuite hostname="DESKTOP-DH1AB16" failures="0" tests="2" name="testScript.Sample1Test" time="0.024" errors="0" timestamp="2024-02-12T11:29:52 IST" skipped="0">
  <testcase classname="testScript.Sample1Test" name="testcase" time="0.017"/>
  <system-out>
    <![CDATA[test1 case is executed]]>
  </system-out>
  <testcase classname="testScript.Sample1Test" name="testcase1" time="0.007"/>
  <system-out>
    <![CDATA[test2 case is executed]]>
  </system-out>
</testsuite> <!-- testScript.Sample1Test -->
