<?xml version="1.0" encoding="UTF-8"?>
<!-- Generated by org.testng.reporters.JUnitReportReporter -->
<testsuite hostname="DESKTOP-DH1AB16" failures="0" tests="2" name="testScript.Logintest" time="6.952" errors="0" timestamp="2024-02-09T17:32:20 IST" skipped="0">
  <testcase classname="testScript.Logintest" name="testcaseLogin" time="3.570"/>
  <system-out/>
  <testcase classname="testScript.Logintest" name="testcaseLogin" time="3.382"/>
  <system-out/>
</testsuite> <!-- testScript.Logintest -->
