<?xml version="1.0" encoding="UTF-8"?>
<!-- Generated by org.testng.reporters.JUnitReportReporter -->
<testsuite hostname="DESKTOP-DH1AB16" failures="0" tests="2" name="testScript.RegisterTest" time="10.430" errors="0" timestamp="2024-02-09T17:19:35 IST" skipped="0">
  <testcase classname="testScript.RegisterTest" name="testregister" time="5.196"/>
  <system-out/>
  <testcase classname="testScript.RegisterTest" name="testregister" time="5.234"/>
  <system-out/>
</testsuite> <!-- testScript.RegisterTest -->
